<?xml version="1.0" encoding="UTF-8"?>
<testng-results ignored="0" total="3" passed="2" failed="1" skipped="0">
  <reporter-output>
  </reporter-output>
  <suite started-at="2026-05-31T02:34:32 GMT+07:00" name="DataTable" finished-at="2026-05-31T02:35:15 GMT+07:00" duration-ms="43031">
    <groups>
    </groups>
    <test started-at="2026-05-31T02:34:32 GMT+07:00" name="Run on Firefox browser" finished-at="2026-05-31T02:35:15 GMT+07:00" duration-ms="43031">
      <class name="com.jquery.Level_16_AllureReport">
        <test-method is-config="true" signature="deleteFileInReport()[pri:0, instance:com.jquery.Level_16_AllureReport@1e4c6583]" started-at="2026-05-31T02:34:32 GMT+07:00" name="deleteFileInReport" finished-at="2026-05-31T02:34:32 GMT+07:00" duration-ms="32" status="PASS">
          <reporter-output>
          </reporter-output>
        </test-method> <!-- deleteFileInReport -->
        <test-method is-config="true" signature="beforeClass(java.lang.String,java.lang.String)[pri:0, instance:com.jquery.Level_16_AllureReport@1e4c6583]" started-at="2026-05-31T02:34:32 GMT+07:00" name="beforeClass" finished-at="2026-05-31T02:34:41 GMT+07:00" duration-ms="9669" status="PASS">
          <params>
            <param index="0">
              <value>
                <![CDATA[firefox]]>
              </value>
            </param>
            <param index="1">
              <value>
                <![CDATA[https://www.jqueryscript.net/demo/CRUD-Data-Grid-Plugin-jQuery-Quickgrid/]]>
              </value>
            </param>
          </params>
          <reporter-output>
          </reporter-output>
        </test-method> <!-- beforeClass -->
        <test-method signature="Table_01_Switch_Page(java.lang.reflect.Method)[pri:0, instance:com.jquery.Level_16_AllureReport@1e4c6583]" started-at="2026-05-31T02:34:41 GMT+07:00" name="Table_01_Switch_Page" finished-at="2026-05-31T02:34:50 GMT+07:00" duration-ms="9037" status="FAIL">
          <params>
            <param index="0">
              <value>
                <![CDATA[public void com.jquery.Level_16_AllureReport.Table_01_Switch_Page(java.lang.reflect.Method)]]>
              </value>
            </param>
          </params>
          <exception class="java.lang.AssertionError">
            <message>
              <![CDATA[expected [true] but found [false]]]>
            </message>
            <full-stacktrace>
              <![CDATA[java.lang.AssertionError: expected [true] but found [false]
at org.testng.Assert.fail(Assert.java:111)
at org.testng.Assert.failNotEquals(Assert.java:1578)
at org.testng.Assert.assertTrue(Assert.java:57)
at org.testng.Assert.assertTrue(Assert.java:67)
at commons.BaseTest.verifyTrue(BaseTest.java:94)
at com.jquery.Level_16_AllureReport.Table_01_Switch_Page(Level_16_AllureReport.java:44)
at java.base/jdk.internal.reflect.DirectMethodHandleAccessor.invoke(DirectMethodHandleAccessor.java:104)
at java.base/java.lang.reflect.Method.invoke(Method.java:565)
at org.testng.internal.invokers.MethodInvocationHelper.invokeMethod(MethodInvocationHelper.java:139)
at org.testng.internal.invokers.TestInvoker.invokeMethod(TestInvoker.java:664)
at org.testng.internal.invokers.TestInvoker.invokeTestMethod(TestInvoker.java:227)
at org.testng.internal.invokers.MethodRunner.runInSequence(MethodRunner.java:50)
at org.testng.internal.invokers.TestInvoker$MethodInvocationAgent.invoke(TestInvoker.java:957)
at org.testng.internal.invokers.TestInvoker.invokeTestMethods(TestInvoker.java:200)
at org.testng.internal.invokers.TestMethodWorker.invokeTestMethods(TestMethodWorker.java:148)
at org.testng.internal.invokers.TestMethodWorker.run(TestMethodWorker.java:128)
at java.base/java.util.ArrayList.forEach(ArrayList.java:1604)
at org.testng.TestRunner.privateRun(TestRunner.java:848)
at org.testng.TestRunner.run(TestRunner.java:621)
at org.testng.SuiteRunner.runTest(SuiteRunner.java:443)
at org.testng.SuiteRunner.runSequentially(SuiteRunner.java:437)
at org.testng.SuiteRunner.privateRun(SuiteRunner.java:397)
at org.testng.SuiteRunner.run(SuiteRunner.java:336)
at org.testng.SuiteRunnerWorker.runSuite(SuiteRunnerWorker.java:52)
at org.testng.SuiteRunnerWorker.run(SuiteRunnerWorker.java:95)
at org.testng.TestNG.runSuitesSequentially(TestNG.java:1280)
at org.testng.TestNG.runSuitesLocally(TestNG.java:1200)
at org.testng.TestNG.runSuites(TestNG.java:1114)
at org.testng.TestNG.run(TestNG.java:1082)
at org.testng.TestNG.privateMain(TestNG.java:1440)
at org.testng.TestNG.main(TestNG.java:1404)
]]>
            </full-stacktrace>
          </exception> <!-- java.lang.AssertionError -->
          <reporter-output>
          </reporter-output>
        </test-method> <!-- Table_01_Switch_Page -->
        <test-method signature="Table_02_Search(java.lang.reflect.Method)[pri:0, instance:com.jquery.Level_16_AllureReport@1e4c6583]" started-at="2026-05-31T02:34:51 GMT+07:00" name="Table_02_Search" finished-at="2026-05-31T02:35:02 GMT+07:00" duration-ms="11513" status="PASS">
          <params>
            <param index="0">
              <value>
                <![CDATA[public void com.jquery.Level_16_AllureReport.Table_02_Search(java.lang.reflect.Method)]]>
              </value>
            </param>
          </params>
          <reporter-output>
          </reporter-output>
        </test-method> <!-- Table_02_Search -->
        <test-method signature="Table_03_Delete_Edit(java.lang.reflect.Method)[pri:0, instance:com.jquery.Level_16_AllureReport@1e4c6583]" started-at="2026-05-31T02:35:02 GMT+07:00" name="Table_03_Delete_Edit" finished-at="2026-05-31T02:35:14 GMT+07:00" duration-ms="11600" status="PASS">
          <params>
            <param index="0">
              <value>
                <![CDATA[public void com.jquery.Level_16_AllureReport.Table_03_Delete_Edit(java.lang.reflect.Method)]]>
              </value>
            </param>
          </params>
          <reporter-output>
          </reporter-output>
        </test-method> <!-- Table_03_Delete_Edit -->
        <test-method is-config="true" signature="afterClass()[pri:0, instance:com.jquery.Level_16_AllureReport@1e4c6583]" started-at="2026-05-31T02:35:14 GMT+07:00" name="afterClass" finished-at="2026-05-31T02:35:15 GMT+07:00" duration-ms="695" status="PASS">
          <reporter-output>
          </reporter-output>
        </test-method> <!-- afterClass -->
      </class> <!-- com.jquery.Level_16_AllureReport -->
    </test> <!-- Run on Firefox browser -->
  </suite> <!-- DataTable -->
</testng-results>
