<?xml version="1.0" encoding="UTF-8"?>
<!-- Generated by org.testng.reporters.JUnitXMLReporter -->
<testsuite ignored="0" hostname="Tada.local" failures="1" tests="3" name="Run on Firefox browser" time="43.031" errors="0" timestamp="2026-05-31T02:35:15 GMT+07:00">
  <testcase classname="com.jquery.Level_16_AllureReport" name="Table_01_Switch_Page" time="9.037">
    <failure type="java.lang.AssertionError" message="expected [true] but found [false]">
      <![CDATA[java.lang.AssertionError: expected [true] but found [false]
at commons.BaseTest.verifyTrue(BaseTest.java:94)
at com.jquery.Level_16_AllureReport.Table_01_Switch_Page(Level_16_AllureReport.java:44)
at java.base/java.util.ArrayList.forEach(ArrayList.java:1604)
... Removed 28 stack frames]]>
    </failure>
  </testcase> <!-- Table_01_Switch_Page -->
  <testcase classname="com.jquery.Level_16_AllureReport" name="Table_02_Search" time="11.513"/>
  <testcase classname="com.jquery.Level_16_AllureReport" name="Table_03_Delete_Edit" time="11.6"/>
</testsuite> <!-- Run on Firefox browser -->
